2022/04/02 11:32:37 Server starting on port 7070
2022/04/02 11:32:37 Got node list from master: [
2022/04/02 11:32:37 10.10.1.1:7070
2022/04/02 11:32:37 , 
2022/04/02 11:32:37 10.10.1.2:7070
2022/04/02 11:32:37 , 
2022/04/02 11:32:37 10.10.1.3:7070
2022/04/02 11:32:37 ]
2022/04/02 11:32:37 Starting classic Paxos replica...
2022/04/02 11:32:37 rpc.Register: method "ConnectToPeers" has 1 input parameters; needs exactly three
2022/04/02 11:32:37 rpc.Register: method "ConnectToPeersNoListeners" has 1 input parameters; needs exactly three
2022/04/02 11:32:37 rpc.Register: reply type of method "DelayRPC" is not a pointer: "uint8"
2022/04/02 11:32:37 rpc.Register: method "Finish" has 1 input parameters; needs exactly three
2022/04/02 11:32:37 rpc.Register: method "GetClientWriter" has 2 input parameters; needs exactly three
2022/04/02 11:32:37 rpc.Register: method "NeedsWaitForExecute" has 2 input parameters; needs exactly three
2022/04/02 11:32:37 rpc.Register: method "RegisterClientRPC" has 4 input parameters; needs exactly three
2022/04/02 11:32:37 rpc.Register: reply type of method "RegisterRPC" is not a pointer: "chan fastrpc.Serializable"
2022/04/02 11:32:37 rpc.Register: method "ReplyBeacon" has 2 input parameters; needs exactly three
2022/04/02 11:32:37 rpc.Register: method "ReplyPropose" has 0 output parameters; needs exactly one
2022/04/02 11:32:37 rpc.Register: method "ReplyProposeTS" has 0 output parameters; needs exactly one
2022/04/02 11:32:37 rpc.Register: method "SendBeacon" has 2 input parameters; needs exactly three
2022/04/02 11:32:37 rpc.Register: method "SendMsg" has 4 input parameters; needs exactly three
2022/04/02 11:32:37 rpc.Register: method "SendMsgNoFlush" has 4 input parameters; needs exactly three
2022/04/02 11:32:37 rpc.Register: reply type of method "ShouldDelayNextRPC" is not a pointer: "uint8"
2022/04/02 11:32:37 rpc.Register: method "SlowClock" has 2 input parameters; needs exactly three
2022/04/02 11:32:37 rpc.Register: method "StopAdapting" has 1 input parameters; needs exactly three
2022/04/02 11:32:37 rpc.Register: reply type of method "UndelayRPCs" is not a pointer: "uint8"
2022/04/02 11:32:37 rpc.Register: method "UpdatePreferredPeerOrder" has 2 input parameters; needs exactly three
2022/04/02 11:32:37 rpc.Register: method "WaitForClientConnections" has 1 input parameters; needs exactly three
2022/04/02 11:32:37 Listening for RPCs on port 8070
2022/04/02 11:32:37 Beginning to connect to peers...
2022/04/02 11:32:37 Dialing peer 0 with addr 10.10.1.1:7070
2022/04/02 11:32:37 Listening for peers on :7070
2022/04/02 11:32:37 Error dialing peer 0: dial tcp 10.10.1.1:7070: connect: connection refused
2022/04/02 11:32:37 Caught signal 23.
